<?xml version="1.0" encoding="UTF-8"?>
<!-- Generated by org.testng.reporters.JUnitXMLReporter -->
<testsuite hostname="TYSS-Sudhakar" ignored="128" name="Aajtak_Test1" tests="33" failures="5" timestamp="12 Sep 2022 08:10:28 GMT" time="1390.598" errors="0">
  <testcase name="AT_StoryDetail_018" time="55.823" classname="com.aajtak.android.StoryDetails.TC_AT_StoryDetail_018"/>
  <testcase name="AT_NonFunctional_002" time="11.922" classname="com.aajtak.android.NonFunctional.TC_AT_NonFuntional_002"/>
  <testcase name="AT_Onboarding_002" time="29.096" classname="com.aajtak.android.Onboarding.TC_AT_Onboarding_002"/>
  <testcase name="AT_Onboarding_003" time="26.036" classname="com.aajtak.android.Onboarding.TC_AT_Onboarding_003">
    <failure type="java.lang.NullPointerException">
      <![CDATA[java.lang.NullPointerException
at com.aajtak.android.Onboarding.TC_AT_Onboarding_003.AT_Onboarding_003(TC_AT_Onboarding_003.java:39)
... Removed 25 stack frames]]>
    </failure>
  </testcase> <!-- AT_Onboarding_003 -->
  <testcase name="AT_Home_001" time="12.933" classname="com.aajtak.android.HomeScreen.TC_AT_HomeScreen_001"/>
  <testcase name="AT_Home_002" time="22.3" classname="com.aajtak.android.HomeScreen.TC_AT_HomeScreen_002"/>
  <testcase name="AT_Home_003" time="25.585" classname="com.aajtak.android.HomeScreen.TC_AT_HomeScreen_003"/>
  <testcase name="AT_Home_004" time="29.085" classname="com.aajtak.android.HomeScreen.TC_AT_HomeScreen_004"/>
  <testcase name="AT_Home_005" time="37.005" classname="com.aajtak.android.HomeScreen.TC_AT_HomeScreen_005"/>
  <testcase name="AT_Home_013" time="33.383" classname="com.aajtak.android.HomeScreen.TC_AT_HomeScreen_013"/>
  <testcase name="AT_DailyCapsule_019" time="23.509" classname="com.aajtak.android.DailyCapsule.TC_AT_DailyCapsule_019"/>
  <testcase name="AT_DailyCapsule_020" time="22.905" classname="com.aajtak.android.DailyCapsule.TC_AT_DailyCapsule_020"/>
  <testcase name="AT_Newslist_007" time="72.118" classname="com.aajtak.android.NewsList.TC_AT_NewsList_007"/>
  <testcase name="AT_LiveTvWiget_001" time="26.696" classname="com.aajtak.android.LiveTvWidget.TC_AT_LiveTvWiget_001"/>
  <testcase name="AT_LiveTvWiget_002" time="29.792" classname="com.aajtak.android.LiveTvWidget.TC_AT_LiveTvWiget_002"/>
  <testcase name="AT_Newslist_008" time="94.193" classname="com.aajtak.android.NewsList.TC_AT_NewsList_008">
    <failure type="org.openqa.selenium.TimeoutException" message="Expected condition failed: waiting for visibility of Located by By.chained({By.id: in.AajTak.headlines:id/story_desc}) (tried for 15 second(s) with 500 milliseconds interval)">
      <![CDATA[org.openqa.selenium.TimeoutException: Expected condition failed: waiting for visibility of Located by By.chained({By.id: in.AajTak.headlines:id/story_desc}) (tried for 15 second(s) with 500 milliseconds interval)
at org.openqa.selenium.support.ui.WebDriverWait.timeoutException(WebDriverWait.java:95)
at org.openqa.selenium.support.ui.FluentWait.until(FluentWait.java:272)
at com.aajtak.android.init.BaseUtil.waitTillElementPresent(BaseUtil.java:362)
at com.aajtak.android.NewsList.TC_AT_NewsList_008.AT_Newslist_008(TC_AT_NewsList_008.java:64)
Caused by: org.openqa.selenium.NoSuchElementException: Can't locate an element by this strategy: By.chained({By.id: in.AajTak.headlines:id/story_desc})
at io.appium.java_client.pagefactory.AppiumElementLocator.findElement(AppiumElementLocator.java:126)
at io.appium.java_client.pagefactory.interceptors.InterceptorOfASingleElement.intercept(InterceptorOfASingleElement.java:60)
at io.appium.java_client.android.AndroidElement$$EnhancerByCGLIB$$b598166c.isDisplayed(<generated>)
at org.openqa.selenium.support.ui.ExpectedConditions.elementIfVisible(ExpectedConditions.java:314)
at org.openqa.selenium.support.ui.ExpectedConditions.access$000(ExpectedConditions.java:43)
at org.openqa.selenium.support.ui.ExpectedConditions$10.apply(ExpectedConditions.java:300)
at org.openqa.selenium.support.ui.ExpectedConditions$10.apply(ExpectedConditions.java:297)
at org.openqa.selenium.support.ui.FluentWait.until(FluentWait.java:249)
... 27 more
Caused by: org.openqa.selenium.TimeoutException: Expected condition failed: waiting for io.appium.java_client.pagefactory.AppiumElementLocator$WaitingFunction@79b18230 (tried for 1 second(s) with 500 milliseconds interval)
at org.openqa.selenium.support.ui.FluentWait.timeoutException(FluentWait.java:304)
at org.openqa.selenium.support.ui.FluentWait.until(FluentWait.java:272)
at io.appium.java_client.pagefactory.AppiumElementLocator.waitFor(AppiumElementLocator.java:99)
at io.appium.java_client.pagefactory.AppiumElementLocator.findElement(AppiumElementLocator.java:119)
... 34 more
Caused by: org.openqa.selenium.NoSuchElementException: Cannot locate an element using By.chained({By.id: in.AajTak.headlines:id/story_desc})
For documentation on this error, please visit: https://www.seleniumhq.org/exceptions/no_such_element.html
Build info: version: '3.141.59', revision: 'e82be7d358', time: '2018-11-14T08:17:03'
System info: host: 'TYSS-SUDHAKAR', ip: '192.168.0.101', os.name: 'Windows 10', os.arch: 'amd64', os.version: '10.0', java.version: '1.8.0_202'
Driver info: driver.version: AndroidDriver
at io.appium.java_client.pagefactory.bys.builder.ByChained.findElement(ByChained.java:74)
at org.openqa.selenium.remote.RemoteWebDriver.findElement(RemoteWebDriver.java:315)
at io.appium.java_client.DefaultGenericMobileDriver.findElement(DefaultGenericMobileDriver.java:58)
at io.appium.java_client.AppiumDriver.findElement(AppiumDriver.java:1)
at io.appium.java_client.android.AndroidDriver.findElement(AndroidDriver.java:1)
at io.appium.java_client.pagefactory.bys.ContentMappedBy.findElement(ContentMappedBy.java:50)
at org.openqa.selenium.remote.RemoteWebDriver.findElement(RemoteWebDriver.java:315)
at io.appium.java_client.DefaultGenericMobileDriver.findElement(DefaultGenericMobileDriver.java:58)
at io.appium.java_client.AppiumDriver.findElement(AppiumDriver.java:1)
at io.appium.java_client.android.AndroidDriver.findElement(AndroidDriver.java:1)
at io.appium.java_client.pagefactory.AppiumElementLocator.lambda$0(AppiumElementLocator.java:120)
at io.appium.java_client.pagefactory.AppiumElementLocator$WaitingFunction.apply(AppiumElementLocator.java:172)
at io.appium.java_client.pagefactory.AppiumElementLocator$WaitingFunction.apply(AppiumElementLocator.java:1)
at org.openqa.selenium.support.ui.FluentWait.until(FluentWait.java:249)
... 36 more
... Removed 25 stack frames]]>
    </failure>
  </testcase> <!-- AT_Newslist_008 -->
  <testcase name="AT_Newslist_009" time="40.96" classname="com.aajtak.android.NewsList.TC_AT_NewsList_009"/>
  <testcase name="AT_Newslist_010" time="51.252" classname="com.aajtak.android.NewsList.TC_AT_NewsList_010">
    <failure type="org.openqa.selenium.TimeoutException" message="Expected condition failed: waiting for visibility of Located by By.chained({By.id: in.AajTak.headlines:id/tvCancel}) (tried for 15 second(s) with 500 milliseconds interval)">
      <![CDATA[org.openqa.selenium.TimeoutException: Expected condition failed: waiting for visibility of Located by By.chained({By.id: in.AajTak.headlines:id/tvCancel}) (tried for 15 second(s) with 500 milliseconds interval)
at org.openqa.selenium.support.ui.WebDriverWait.timeoutException(WebDriverWait.java:95)
at org.openqa.selenium.support.ui.FluentWait.until(FluentWait.java:272)
at com.aajtak.android.init.BaseUtil.waitTillElementPresent(BaseUtil.java:362)
at com.aajtak.android.NewsList.TC_AT_NewsList_010.AT_Newslist_010(TC_AT_NewsList_010.java:59)
Caused by: org.openqa.selenium.NoSuchElementException: Can't locate an element by this strategy: By.chained({By.id: in.AajTak.headlines:id/tvCancel})
at io.appium.java_client.pagefactory.AppiumElementLocator.findElement(AppiumElementLocator.java:126)
at io.appium.java_client.pagefactory.interceptors.InterceptorOfASingleElement.intercept(InterceptorOfASingleElement.java:60)
at io.appium.java_client.android.AndroidElement$$EnhancerByCGLIB$$b598166c.isDisplayed(<generated>)
at org.openqa.selenium.support.ui.ExpectedConditions.elementIfVisible(ExpectedConditions.java:314)
at org.openqa.selenium.support.ui.ExpectedConditions.access$000(ExpectedConditions.java:43)
at org.openqa.selenium.support.ui.ExpectedConditions$10.apply(ExpectedConditions.java:300)
at org.openqa.selenium.support.ui.ExpectedConditions$10.apply(ExpectedConditions.java:297)
at org.openqa.selenium.support.ui.FluentWait.until(FluentWait.java:249)
... 27 more
Caused by: org.openqa.selenium.TimeoutException: Expected condition failed: waiting for io.appium.java_client.pagefactory.AppiumElementLocator$WaitingFunction@782fd504 (tried for 1 second(s) with 500 milliseconds interval)
at org.openqa.selenium.support.ui.FluentWait.timeoutException(FluentWait.java:304)
at org.openqa.selenium.support.ui.FluentWait.until(FluentWait.java:272)
at io.appium.java_client.pagefactory.AppiumElementLocator.waitFor(AppiumElementLocator.java:99)
at io.appium.java_client.pagefactory.AppiumElementLocator.findElement(AppiumElementLocator.java:119)
... 34 more
Caused by: org.openqa.selenium.NoSuchElementException: Cannot locate an element using By.chained({By.id: in.AajTak.headlines:id/tvCancel})
For documentation on this error, please visit: https://www.seleniumhq.org/exceptions/no_such_element.html
Build info: version: '3.141.59', revision: 'e82be7d358', time: '2018-11-14T08:17:03'
System info: host: 'TYSS-SUDHAKAR', ip: '192.168.0.101', os.name: 'Windows 10', os.arch: 'amd64', os.version: '10.0', java.version: '1.8.0_202'
Driver info: driver.version: AndroidDriver
at io.appium.java_client.pagefactory.bys.builder.ByChained.findElement(ByChained.java:74)
at org.openqa.selenium.remote.RemoteWebDriver.findElement(RemoteWebDriver.java:315)
at io.appium.java_client.DefaultGenericMobileDriver.findElement(DefaultGenericMobileDriver.java:58)
at io.appium.java_client.AppiumDriver.findElement(AppiumDriver.java:1)
at io.appium.java_client.android.AndroidDriver.findElement(AndroidDriver.java:1)
at io.appium.java_client.pagefactory.bys.ContentMappedBy.findElement(ContentMappedBy.java:50)
at org.openqa.selenium.remote.RemoteWebDriver.findElement(RemoteWebDriver.java:315)
at io.appium.java_client.DefaultGenericMobileDriver.findElement(DefaultGenericMobileDriver.java:58)
at io.appium.java_client.AppiumDriver.findElement(AppiumDriver.java:1)
at io.appium.java_client.android.AndroidDriver.findElement(AndroidDriver.java:1)
at io.appium.java_client.pagefactory.AppiumElementLocator.lambda$0(AppiumElementLocator.java:120)
at io.appium.java_client.pagefactory.AppiumElementLocator$WaitingFunction.apply(AppiumElementLocator.java:172)
at io.appium.java_client.pagefactory.AppiumElementLocator$WaitingFunction.apply(AppiumElementLocator.java:1)
at org.openqa.selenium.support.ui.FluentWait.until(FluentWait.java:249)
... 36 more
... Removed 25 stack frames]]>
    </failure>
  </testcase> <!-- AT_Newslist_010 -->
  <testcase name="AT_Newslist_011" time="33.805" classname="com.aajtak.android.NewsList.TC_AT_NewsList_011"/>
  <testcase name="AT_Newslist_012" time="36.367" classname="com.aajtak.android.NewsList.TC_AT_NewsList_012"/>
  <testcase name="AT_Newslist_013" time="32.924" classname="com.aajtak.android.NewsList.TC_AT_NewsList_013"/>
  <testcase name="AT_Newslist_014" time="35.527" classname="com.aajtak.android.NewsList.TC_AT_NewsList_014">
    <failure type="org.openqa.selenium.TimeoutException" message="Expected condition failed: waiting for visibility of Located by By.chained({By.id: in.AajTak.headlines:id/btn_get_started}) (tried for 30 second(s) with 500 milliseconds interval)">
      <![CDATA[org.openqa.selenium.TimeoutException: Expected condition failed: waiting for visibility of Located by By.chained({By.id: in.AajTak.headlines:id/btn_get_started}) (tried for 30 second(s) with 500 milliseconds interval)
at org.openqa.selenium.support.ui.WebDriverWait.timeoutException(WebDriverWait.java:95)
at org.openqa.selenium.support.ui.FluentWait.until(FluentWait.java:272)
at com.aajtak.android.init.BaseUtil.waitTillElementPresent(BaseUtil.java:362)
at com.aajtak.android.init.Aajtak_app_Util.compelteOnboarding(Aajtak_app_Util.java:329)
at com.aajtak.android.NewsList.TC_AT_NewsList_014.AT_Newslist_014(TC_AT_NewsList_014.java:29)
Caused by: org.openqa.selenium.NoSuchElementException: Can't locate an element by this strategy: By.chained({By.id: in.AajTak.headlines:id/btn_get_started})
at io.appium.java_client.pagefactory.AppiumElementLocator.findElement(AppiumElementLocator.java:126)
at io.appium.java_client.pagefactory.interceptors.InterceptorOfASingleElement.intercept(InterceptorOfASingleElement.java:60)
at io.appium.java_client.android.AndroidElement$$EnhancerByCGLIB$$b598166c.isDisplayed(<generated>)
at org.openqa.selenium.support.ui.ExpectedConditions.elementIfVisible(ExpectedConditions.java:314)
at org.openqa.selenium.support.ui.ExpectedConditions.access$000(ExpectedConditions.java:43)
at org.openqa.selenium.support.ui.ExpectedConditions$10.apply(ExpectedConditions.java:300)
at org.openqa.selenium.support.ui.ExpectedConditions$10.apply(ExpectedConditions.java:297)
at org.openqa.selenium.support.ui.FluentWait.until(FluentWait.java:249)
... 28 more
Caused by: org.openqa.selenium.TimeoutException: Expected condition failed: waiting for io.appium.java_client.pagefactory.AppiumElementLocator$WaitingFunction@40fe8fd5 (tried for 1 second(s) with 500 milliseconds interval)
at org.openqa.selenium.support.ui.FluentWait.timeoutException(FluentWait.java:304)
at org.openqa.selenium.support.ui.FluentWait.until(FluentWait.java:272)
at io.appium.java_client.pagefactory.AppiumElementLocator.waitFor(AppiumElementLocator.java:99)
at io.appium.java_client.pagefactory.AppiumElementLocator.findElement(AppiumElementLocator.java:119)
... 35 more
Caused by: org.openqa.selenium.NoSuchElementException: Cannot locate an element using By.chained({By.id: in.AajTak.headlines:id/btn_get_started})
For documentation on this error, please visit: https://www.seleniumhq.org/exceptions/no_such_element.html
Build info: version: '3.141.59', revision: 'e82be7d358', time: '2018-11-14T08:17:03'
System info: host: 'TYSS-SUDHAKAR', ip: '192.168.0.101', os.name: 'Windows 10', os.arch: 'amd64', os.version: '10.0', java.version: '1.8.0_202'
Driver info: driver.version: AndroidDriver
at io.appium.java_client.pagefactory.bys.builder.ByChained.findElement(ByChained.java:74)
at org.openqa.selenium.remote.RemoteWebDriver.findElement(RemoteWebDriver.java:315)
at io.appium.java_client.DefaultGenericMobileDriver.findElement(DefaultGenericMobileDriver.java:58)
at io.appium.java_client.AppiumDriver.findElement(AppiumDriver.java:1)
at io.appium.java_client.android.AndroidDriver.findElement(AndroidDriver.java:1)
at io.appium.java_client.pagefactory.bys.ContentMappedBy.findElement(ContentMappedBy.java:50)
at org.openqa.selenium.remote.RemoteWebDriver.findElement(RemoteWebDriver.java:315)
at io.appium.java_client.DefaultGenericMobileDriver.findElement(DefaultGenericMobileDriver.java:58)
at io.appium.java_client.AppiumDriver.findElement(AppiumDriver.java:1)
at io.appium.java_client.android.AndroidDriver.findElement(AndroidDriver.java:1)
at io.appium.java_client.pagefactory.AppiumElementLocator.lambda$0(AppiumElementLocator.java:120)
at io.appium.java_client.pagefactory.AppiumElementLocator$WaitingFunction.apply(AppiumElementLocator.java:172)
at io.appium.java_client.pagefactory.AppiumElementLocator$WaitingFunction.apply(AppiumElementLocator.java:1)
at org.openqa.selenium.support.ui.FluentWait.until(FluentWait.java:249)
... 37 more
... Removed 25 stack frames]]>
    </failure>
  </testcase> <!-- AT_Newslist_014 -->
  <testcase name="AT_Newslist_015" time="12.919" classname="com.aajtak.android.NewsList.TC_AT_NewsList_015"/>
  <testcase name="AT_StoryDetail_001" time="20.606" classname="com.aajtak.android.StoryDetails.TC_AT_StoryDetail_001"/>
  <testcase name="AT_StoryDetail_002" time="68.646" classname="com.aajtak.android.StoryDetails.TC_AT_StoryDetail_002"/>
  <testcase name="AT_StoryDetail_003" time="29.491" classname="com.aajtak.android.StoryDetails.TC_AT_StoryDetail_003"/>
  <testcase name="AT_StoryDetail_004" time="28.14" classname="com.aajtak.android.StoryDetails.TC_AT_StoryDetail_004"/>
  <testcase name="AT_StoryDetail_007" time="71.34" classname="com.aajtak.android.StoryDetails.TC_AT_StoryDetail_007"/>
  <testcase name="AT_StoryDetail_008" time="75.066" classname="com.aajtak.android.StoryDetails.TC_AT_StoryDetail_008"/>
  <testcase name="AT_StoryDetail_009" time="70.172" classname="com.aajtak.android.StoryDetails.TC_AT_StoryDetail_009">
    <failure type="java.lang.AssertionError" message="expected [कश्मीरा के कामवाली ने पैर पकड़कर खींचे, चीखती रहीं एक्ट्रेस] but found [Kashmera Shah के कामवाली बाई ने खींचे पैर, चीखती रही एक्ट्रेस, पत्नी का बुरा हाल देख Krushna Abhishek बोले- मैंने ही पैसे दिए ]">
      <![CDATA[java.lang.AssertionError: expected [कश्मीरा के कामवाली ने पैर पकड़कर खींचे, चीखती रहीं एक्ट्रेस] but found [Kashmera Shah के कामवाली बाई ने खींचे पैर, चीखती रही एक्ट्रेस, पत्नी का बुरा हाल देख Krushna Abhishek बोले- मैंने ही पैसे दिए ]
at com.aajtak.android.init.Aajtak_app_Util.verifyStoryTitles(Aajtak_app_Util.java:47)
at com.aajtak.android.StoryDetails.TC_AT_StoryDetail_009.AT_StoryDetail_009(TC_AT_StoryDetail_009.java:89)
... Removed 31 stack frames]]>
    </failure>
  </testcase> <!-- AT_StoryDetail_009 -->
  <testcase name="AT_StoryDetail_010" time="75.831" classname="com.aajtak.android.StoryDetails.TC_AT_StoryDetail_010"/>
  <testcase name="AT_StoryDetail_011" time="65.951" classname="com.aajtak.android.StoryDetails.TC_AT_StoryDetail_011"/>
  <testcase name="AT_StoryDetail_017" time="60.375" classname="com.aajtak.android.StoryDetails.TC_AT_StoryDetail_017"/>
  <testcase name="@BeforeSuite fileConfiguration" time="0.0" classname="com.aajtak.android.init.AppiumService">
    <ignored/>
  </testcase> <!-- @BeforeSuite fileConfiguration -->
  <testcase name="@BeforeSuite fileConfiguration" time="0.0" classname="com.aajtak.android.init.AppiumService">
    <ignored/>
  </testcase> <!-- @BeforeSuite fileConfiguration -->
  <testcase name="@BeforeSuite fileConfiguration" time="0.0" classname="com.aajtak.android.init.AppiumService">
    <ignored/>
  </testcase> <!-- @BeforeSuite fileConfiguration -->
  <testcase name="@BeforeSuite fileConfiguration" time="0.0" classname="com.aajtak.android.init.AppiumService">
    <ignored/>
  </testcase> <!-- @BeforeSuite fileConfiguration -->
  <testcase name="@BeforeSuite fileConfiguration" time="0.0" classname="com.aajtak.android.init.AppiumService">
    <ignored/>
  </testcase> <!-- @BeforeSuite fileConfiguration -->
  <testcase name="@BeforeSuite fileConfiguration" time="0.0" classname="com.aajtak.android.init.AppiumService">
    <ignored/>
  </testcase> <!-- @BeforeSuite fileConfiguration -->
  <testcase name="@BeforeSuite fileConfiguration" time="0.0" classname="com.aajtak.android.init.AppiumService">
    <ignored/>
  </testcase> <!-- @BeforeSuite fileConfiguration -->
  <testcase name="@BeforeSuite fileConfiguration" time="0.0" classname="com.aajtak.android.init.AppiumService">
    <ignored/>
  </testcase> <!-- @BeforeSuite fileConfiguration -->
  <testcase name="@BeforeSuite fileConfiguration" time="0.0" classname="com.aajtak.android.init.AppiumService">
    <ignored/>
  </testcase> <!-- @BeforeSuite fileConfiguration -->
  <testcase name="@BeforeSuite fileConfiguration" time="0.0" classname="com.aajtak.android.init.AppiumService">
    <ignored/>
  </testcase> <!-- @BeforeSuite fileConfiguration -->
  <testcase name="@BeforeSuite fileConfiguration" time="0.0" classname="com.aajtak.android.init.AppiumService">
    <ignored/>
  </testcase> <!-- @BeforeSuite fileConfiguration -->
  <testcase name="@BeforeSuite fileConfiguration" time="0.0" classname="com.aajtak.android.init.AppiumService">
    <ignored/>
  </testcase> <!-- @BeforeSuite fileConfiguration -->
  <testcase name="@BeforeSuite fileConfiguration" time="0.0" classname="com.aajtak.android.init.AppiumService">
    <ignored/>
  </testcase> <!-- @BeforeSuite fileConfiguration -->
  <testcase name="@BeforeSuite fileConfiguration" time="0.0" classname="com.aajtak.android.init.AppiumService">
    <ignored/>
  </testcase> <!-- @BeforeSuite fileConfiguration -->
  <testcase name="@BeforeSuite fileConfiguration" time="0.0" classname="com.aajtak.android.init.AppiumService">
    <ignored/>
  </testcase> <!-- @BeforeSuite fileConfiguration -->
  <testcase name="@BeforeSuite fileConfiguration" time="0.0" classname="com.aajtak.android.init.AppiumService">
    <ignored/>
  </testcase> <!-- @BeforeSuite fileConfiguration -->
  <testcase name="@BeforeSuite fileConfiguration" time="0.0" classname="com.aajtak.android.init.AppiumService">
    <ignored/>
  </testcase> <!-- @BeforeSuite fileConfiguration -->
  <testcase name="@BeforeSuite fileConfiguration" time="0.0" classname="com.aajtak.android.init.AppiumService">
    <ignored/>
  </testcase> <!-- @BeforeSuite fileConfiguration -->
  <testcase name="@BeforeSuite fileConfiguration" time="0.0" classname="com.aajtak.android.init.AppiumService">
    <ignored/>
  </testcase> <!-- @BeforeSuite fileConfiguration -->
  <testcase name="@BeforeSuite fileConfiguration" time="0.0" classname="com.aajtak.android.init.AppiumService">
    <ignored/>
  </testcase> <!-- @BeforeSuite fileConfiguration -->
  <testcase name="@BeforeSuite fileConfiguration" time="0.0" classname="com.aajtak.android.init.AppiumService">
    <ignored/>
  </testcase> <!-- @BeforeSuite fileConfiguration -->
  <testcase name="@BeforeSuite fileConfiguration" time="0.0" classname="com.aajtak.android.init.AppiumService">
    <ignored/>
  </testcase> <!-- @BeforeSuite fileConfiguration -->
  <testcase name="@BeforeSuite fileConfiguration" time="0.0" classname="com.aajtak.android.init.AppiumService">
    <ignored/>
  </testcase> <!-- @BeforeSuite fileConfiguration -->
  <testcase name="@BeforeSuite fileConfiguration" time="0.0" classname="com.aajtak.android.init.AppiumService">
    <ignored/>
  </testcase> <!-- @BeforeSuite fileConfiguration -->
  <testcase name="@BeforeSuite fileConfiguration" time="0.0" classname="com.aajtak.android.init.AppiumService">
    <ignored/>
  </testcase> <!-- @BeforeSuite fileConfiguration -->
  <testcase name="@BeforeSuite fileConfiguration" time="0.0" classname="com.aajtak.android.init.AppiumService">
    <ignored/>
  </testcase> <!-- @BeforeSuite fileConfiguration -->
  <testcase name="@BeforeSuite fileConfiguration" time="0.0" classname="com.aajtak.android.init.AppiumService">
    <ignored/>
  </testcase> <!-- @BeforeSuite fileConfiguration -->
  <testcase name="@BeforeSuite fileConfiguration" time="0.0" classname="com.aajtak.android.init.AppiumService">
    <ignored/>
  </testcase> <!-- @BeforeSuite fileConfiguration -->
  <testcase name="@BeforeSuite fileConfiguration" time="0.0" classname="com.aajtak.android.init.AppiumService">
    <ignored/>
  </testcase> <!-- @BeforeSuite fileConfiguration -->
  <testcase name="@BeforeSuite fileConfiguration" time="0.0" classname="com.aajtak.android.init.AppiumService">
    <ignored/>
  </testcase> <!-- @BeforeSuite fileConfiguration -->
  <testcase name="@BeforeSuite fileConfiguration" time="0.0" classname="com.aajtak.android.init.AppiumService">
    <ignored/>
  </testcase> <!-- @BeforeSuite fileConfiguration -->
  <testcase name="@BeforeSuite fileConfiguration" time="0.0" classname="com.aajtak.android.init.AppiumService">
    <ignored/>
  </testcase> <!-- @BeforeSuite fileConfiguration -->
  <testcase name="@BeforeSuite startServer" time="0.0" classname="com.aajtak.android.init.AppiumService">
    <ignored/>
  </testcase> <!-- @BeforeSuite startServer -->
  <testcase name="@BeforeSuite startServer" time="0.0" classname="com.aajtak.android.init.AppiumService">
    <ignored/>
  </testcase> <!-- @BeforeSuite startServer -->
  <testcase name="@BeforeSuite startServer" time="0.0" classname="com.aajtak.android.init.AppiumService">
    <ignored/>
  </testcase> <!-- @BeforeSuite startServer -->
  <testcase name="@BeforeSuite startServer" time="0.0" classname="com.aajtak.android.init.AppiumService">
    <ignored/>
  </testcase> <!-- @BeforeSuite startServer -->
  <testcase name="@BeforeSuite startServer" time="0.0" classname="com.aajtak.android.init.AppiumService">
    <ignored/>
  </testcase> <!-- @BeforeSuite startServer -->
  <testcase name="@BeforeSuite startServer" time="0.0" classname="com.aajtak.android.init.AppiumService">
    <ignored/>
  </testcase> <!-- @BeforeSuite startServer -->
  <testcase name="@BeforeSuite startServer" time="0.0" classname="com.aajtak.android.init.AppiumService">
    <ignored/>
  </testcase> <!-- @BeforeSuite startServer -->
  <testcase name="@BeforeSuite startServer" time="0.0" classname="com.aajtak.android.init.AppiumService">
    <ignored/>
  </testcase> <!-- @BeforeSuite startServer -->
  <testcase name="@BeforeSuite startServer" time="0.0" classname="com.aajtak.android.init.AppiumService">
    <ignored/>
  </testcase> <!-- @BeforeSuite startServer -->
  <testcase name="@BeforeSuite startServer" time="0.0" classname="com.aajtak.android.init.AppiumService">
    <ignored/>
  </testcase> <!-- @BeforeSuite startServer -->
  <testcase name="@BeforeSuite startServer" time="0.0" classname="com.aajtak.android.init.AppiumService">
    <ignored/>
  </testcase> <!-- @BeforeSuite startServer -->
  <testcase name="@BeforeSuite startServer" time="0.0" classname="com.aajtak.android.init.AppiumService">
    <ignored/>
  </testcase> <!-- @BeforeSuite startServer -->
  <testcase name="@BeforeSuite startServer" time="0.0" classname="com.aajtak.android.init.AppiumService">
    <ignored/>
  </testcase> <!-- @BeforeSuite startServer -->
  <testcase name="@BeforeSuite startServer" time="0.0" classname="com.aajtak.android.init.AppiumService">
    <ignored/>
  </testcase> <!-- @BeforeSuite startServer -->
  <testcase name="@BeforeSuite startServer" time="0.0" classname="com.aajtak.android.init.AppiumService">
    <ignored/>
  </testcase> <!-- @BeforeSuite startServer -->
  <testcase name="@BeforeSuite startServer" time="0.0" classname="com.aajtak.android.init.AppiumService">
    <ignored/>
  </testcase> <!-- @BeforeSuite startServer -->
  <testcase name="@BeforeSuite startServer" time="0.0" classname="com.aajtak.android.init.AppiumService">
    <ignored/>
  </testcase> <!-- @BeforeSuite startServer -->
  <testcase name="@BeforeSuite startServer" time="0.0" classname="com.aajtak.android.init.AppiumService">
    <ignored/>
  </testcase> <!-- @BeforeSuite startServer -->
  <testcase name="@BeforeSuite startServer" time="0.0" classname="com.aajtak.android.init.AppiumService">
    <ignored/>
  </testcase> <!-- @BeforeSuite startServer -->
  <testcase name="@BeforeSuite startServer" time="0.0" classname="com.aajtak.android.init.AppiumService">
    <ignored/>
  </testcase> <!-- @BeforeSuite startServer -->
  <testcase name="@BeforeSuite startServer" time="0.0" classname="com.aajtak.android.init.AppiumService">
    <ignored/>
  </testcase> <!-- @BeforeSuite startServer -->
  <testcase name="@BeforeSuite startServer" time="0.0" classname="com.aajtak.android.init.AppiumService">
    <ignored/>
  </testcase> <!-- @BeforeSuite startServer -->
  <testcase name="@BeforeSuite startServer" time="0.0" classname="com.aajtak.android.init.AppiumService">
    <ignored/>
  </testcase> <!-- @BeforeSuite startServer -->
  <testcase name="@BeforeSuite startServer" time="0.0" classname="com.aajtak.android.init.AppiumService">
    <ignored/>
  </testcase> <!-- @BeforeSuite startServer -->
  <testcase name="@BeforeSuite startServer" time="0.0" classname="com.aajtak.android.init.AppiumService">
    <ignored/>
  </testcase> <!-- @BeforeSuite startServer -->
  <testcase name="@BeforeSuite startServer" time="0.0" classname="com.aajtak.android.init.AppiumService">
    <ignored/>
  </testcase> <!-- @BeforeSuite startServer -->
  <testcase name="@BeforeSuite startServer" time="0.0" classname="com.aajtak.android.init.AppiumService">
    <ignored/>
  </testcase> <!-- @BeforeSuite startServer -->
  <testcase name="@BeforeSuite startServer" time="0.0" classname="com.aajtak.android.init.AppiumService">
    <ignored/>
  </testcase> <!-- @BeforeSuite startServer -->
  <testcase name="@BeforeSuite startServer" time="0.0" classname="com.aajtak.android.init.AppiumService">
    <ignored/>
  </testcase> <!-- @BeforeSuite startServer -->
  <testcase name="@BeforeSuite startServer" time="0.0" classname="com.aajtak.android.init.AppiumService">
    <ignored/>
  </testcase> <!-- @BeforeSuite startServer -->
  <testcase name="@BeforeSuite startServer" time="0.0" classname="com.aajtak.android.init.AppiumService">
    <ignored/>
  </testcase> <!-- @BeforeSuite startServer -->
  <testcase name="@BeforeTest setUp" time="0.0" classname="com.aajtak.android.init.CommonConfig">
    <ignored/>
  </testcase> <!-- @BeforeTest setUp -->
  <testcase name="@BeforeTest setUp" time="0.0" classname="com.aajtak.android.init.CommonConfig">
    <ignored/>
  </testcase> <!-- @BeforeTest setUp -->
  <testcase name="@BeforeTest setUp" time="0.0" classname="com.aajtak.android.init.CommonConfig">
    <ignored/>
  </testcase> <!-- @BeforeTest setUp -->
  <testcase name="@BeforeTest setUp" time="0.0" classname="com.aajtak.android.init.CommonConfig">
    <ignored/>
  </testcase> <!-- @BeforeTest setUp -->
  <testcase name="@BeforeTest setUp" time="0.0" classname="com.aajtak.android.init.CommonConfig">
    <ignored/>
  </testcase> <!-- @BeforeTest setUp -->
  <testcase name="@BeforeTest setUp" time="0.0" classname="com.aajtak.android.init.CommonConfig">
    <ignored/>
  </testcase> <!-- @BeforeTest setUp -->
  <testcase name="@BeforeTest setUp" time="0.0" classname="com.aajtak.android.init.CommonConfig">
    <ignored/>
  </testcase> <!-- @BeforeTest setUp -->
  <testcase name="@BeforeTest setUp" time="0.0" classname="com.aajtak.android.init.CommonConfig">
    <ignored/>
  </testcase> <!-- @BeforeTest setUp -->
  <testcase name="@BeforeTest setUp" time="0.0" classname="com.aajtak.android.init.CommonConfig">
    <ignored/>
  </testcase> <!-- @BeforeTest setUp -->
  <testcase name="@BeforeTest setUp" time="0.0" classname="com.aajtak.android.init.CommonConfig">
    <ignored/>
  </testcase> <!-- @BeforeTest setUp -->
  <testcase name="@BeforeTest setUp" time="0.0" classname="com.aajtak.android.init.CommonConfig">
    <ignored/>
  </testcase> <!-- @BeforeTest setUp -->
  <testcase name="@BeforeTest setUp" time="0.0" classname="com.aajtak.android.init.CommonConfig">
    <ignored/>
  </testcase> <!-- @BeforeTest setUp -->
  <testcase name="@BeforeTest setUp" time="0.0" classname="com.aajtak.android.init.CommonConfig">
    <ignored/>
  </testcase> <!-- @BeforeTest setUp -->
  <testcase name="@BeforeTest setUp" time="0.0" classname="com.aajtak.android.init.CommonConfig">
    <ignored/>
  </testcase> <!-- @BeforeTest setUp -->
  <testcase name="@BeforeTest setUp" time="0.0" classname="com.aajtak.android.init.CommonConfig">
    <ignored/>
  </testcase> <!-- @BeforeTest setUp -->
  <testcase name="@BeforeTest setUp" time="0.0" classname="com.aajtak.android.init.CommonConfig">
    <ignored/>
  </testcase> <!-- @BeforeTest setUp -->
  <testcase name="@BeforeTest setUp" time="0.0" classname="com.aajtak.android.init.CommonConfig">
    <ignored/>
  </testcase> <!-- @BeforeTest setUp -->
  <testcase name="@BeforeTest setUp" time="0.0" classname="com.aajtak.android.init.CommonConfig">
    <ignored/>
  </testcase> <!-- @BeforeTest setUp -->
  <testcase name="@BeforeTest setUp" time="0.0" classname="com.aajtak.android.init.CommonConfig">
    <ignored/>
  </testcase> <!-- @BeforeTest setUp -->
  <testcase name="@BeforeTest setUp" time="0.0" classname="com.aajtak.android.init.CommonConfig">
    <ignored/>
  </testcase> <!-- @BeforeTest setUp -->
  <testcase name="@BeforeTest setUp" time="0.0" classname="com.aajtak.android.init.CommonConfig">
    <ignored/>
  </testcase> <!-- @BeforeTest setUp -->
  <testcase name="@BeforeTest setUp" time="0.0" classname="com.aajtak.android.init.CommonConfig">
    <ignored/>
  </testcase> <!-- @BeforeTest setUp -->
  <testcase name="@BeforeTest setUp" time="0.0" classname="com.aajtak.android.init.CommonConfig">
    <ignored/>
  </testcase> <!-- @BeforeTest setUp -->
  <testcase name="@BeforeTest setUp" time="0.0" classname="com.aajtak.android.init.CommonConfig">
    <ignored/>
  </testcase> <!-- @BeforeTest setUp -->
  <testcase name="@BeforeTest setUp" time="0.0" classname="com.aajtak.android.init.CommonConfig">
    <ignored/>
  </testcase> <!-- @BeforeTest setUp -->
  <testcase name="@BeforeTest setUp" time="0.0" classname="com.aajtak.android.init.CommonConfig">
    <ignored/>
  </testcase> <!-- @BeforeTest setUp -->
  <testcase name="@BeforeTest setUp" time="0.0" classname="com.aajtak.android.init.CommonConfig">
    <ignored/>
  </testcase> <!-- @BeforeTest setUp -->
  <testcase name="@BeforeTest setUp" time="0.0" classname="com.aajtak.android.init.CommonConfig">
    <ignored/>
  </testcase> <!-- @BeforeTest setUp -->
  <testcase name="@BeforeTest setUp" time="0.0" classname="com.aajtak.android.init.CommonConfig">
    <ignored/>
  </testcase> <!-- @BeforeTest setUp -->
  <testcase name="@BeforeTest setUp" time="0.0" classname="com.aajtak.android.init.CommonConfig">
    <ignored/>
  </testcase> <!-- @BeforeTest setUp -->
  <testcase name="@BeforeTest setUp" time="0.0" classname="com.aajtak.android.init.CommonConfig">
    <ignored/>
  </testcase> <!-- @BeforeTest setUp -->
  <testcase name="@BeforeTest setUp" time="0.0" classname="com.aajtak.android.init.CommonConfig">
    <ignored/>
  </testcase> <!-- @BeforeTest setUp -->
  <testcase name="@BeforeSuite startServer" time="0.0" classname="com.aajtak.android.init.AppiumService">
    <ignored/>
  </testcase> <!-- @BeforeSuite startServer -->
  <testcase name="@BeforeTest loadLog4j" time="0.0" classname="com.aajtak.android.init.CommonConfig">
    <ignored/>
  </testcase> <!-- @BeforeTest loadLog4j -->
  <testcase name="@BeforeTest loadLog4j" time="0.0" classname="com.aajtak.android.init.CommonConfig">
    <ignored/>
  </testcase> <!-- @BeforeTest loadLog4j -->
  <testcase name="@BeforeTest loadLog4j" time="0.0" classname="com.aajtak.android.init.CommonConfig">
    <ignored/>
  </testcase> <!-- @BeforeTest loadLog4j -->
  <testcase name="@BeforeTest loadLog4j" time="0.0" classname="com.aajtak.android.init.CommonConfig">
    <ignored/>
  </testcase> <!-- @BeforeTest loadLog4j -->
  <testcase name="@BeforeTest loadLog4j" time="0.0" classname="com.aajtak.android.init.CommonConfig">
    <ignored/>
  </testcase> <!-- @BeforeTest loadLog4j -->
  <testcase name="@BeforeTest loadLog4j" time="0.0" classname="com.aajtak.android.init.CommonConfig">
    <ignored/>
  </testcase> <!-- @BeforeTest loadLog4j -->
  <testcase name="@BeforeTest loadLog4j" time="0.0" classname="com.aajtak.android.init.CommonConfig">
    <ignored/>
  </testcase> <!-- @BeforeTest loadLog4j -->
  <testcase name="@BeforeTest loadLog4j" time="0.0" classname="com.aajtak.android.init.CommonConfig">
    <ignored/>
  </testcase> <!-- @BeforeTest loadLog4j -->
  <testcase name="@BeforeTest loadLog4j" time="0.0" classname="com.aajtak.android.init.CommonConfig">
    <ignored/>
  </testcase> <!-- @BeforeTest loadLog4j -->
  <testcase name="@BeforeTest loadLog4j" time="0.0" classname="com.aajtak.android.init.CommonConfig">
    <ignored/>
  </testcase> <!-- @BeforeTest loadLog4j -->
  <testcase name="@BeforeTest loadLog4j" time="0.0" classname="com.aajtak.android.init.CommonConfig">
    <ignored/>
  </testcase> <!-- @BeforeTest loadLog4j -->
  <testcase name="@BeforeTest loadLog4j" time="0.0" classname="com.aajtak.android.init.CommonConfig">
    <ignored/>
  </testcase> <!-- @BeforeTest loadLog4j -->
  <testcase name="@BeforeTest loadLog4j" time="0.0" classname="com.aajtak.android.init.CommonConfig">
    <ignored/>
  </testcase> <!-- @BeforeTest loadLog4j -->
  <testcase name="@BeforeTest loadLog4j" time="0.0" classname="com.aajtak.android.init.CommonConfig">
    <ignored/>
  </testcase> <!-- @BeforeTest loadLog4j -->
  <testcase name="@BeforeTest loadLog4j" time="0.0" classname="com.aajtak.android.init.CommonConfig">
    <ignored/>
  </testcase> <!-- @BeforeTest loadLog4j -->
  <testcase name="@BeforeTest loadLog4j" time="0.0" classname="com.aajtak.android.init.CommonConfig">
    <ignored/>
  </testcase> <!-- @BeforeTest loadLog4j -->
  <testcase name="@BeforeTest loadLog4j" time="0.0" classname="com.aajtak.android.init.CommonConfig">
    <ignored/>
  </testcase> <!-- @BeforeTest loadLog4j -->
  <testcase name="@BeforeTest loadLog4j" time="0.0" classname="com.aajtak.android.init.CommonConfig">
    <ignored/>
  </testcase> <!-- @BeforeTest loadLog4j -->
  <testcase name="@BeforeTest loadLog4j" time="0.0" classname="com.aajtak.android.init.CommonConfig">
    <ignored/>
  </testcase> <!-- @BeforeTest loadLog4j -->
  <testcase name="@BeforeTest loadLog4j" time="0.0" classname="com.aajtak.android.init.CommonConfig">
    <ignored/>
  </testcase> <!-- @BeforeTest loadLog4j -->
  <testcase name="@BeforeTest loadLog4j" time="0.0" classname="com.aajtak.android.init.CommonConfig">
    <ignored/>
  </testcase> <!-- @BeforeTest loadLog4j -->
  <testcase name="@BeforeTest loadLog4j" time="0.0" classname="com.aajtak.android.init.CommonConfig">
    <ignored/>
  </testcase> <!-- @BeforeTest loadLog4j -->
  <testcase name="@BeforeTest loadLog4j" time="0.0" classname="com.aajtak.android.init.CommonConfig">
    <ignored/>
  </testcase> <!-- @BeforeTest loadLog4j -->
  <testcase name="@BeforeTest loadLog4j" time="0.0" classname="com.aajtak.android.init.CommonConfig">
    <ignored/>
  </testcase> <!-- @BeforeTest loadLog4j -->
  <testcase name="@BeforeTest loadLog4j" time="0.0" classname="com.aajtak.android.init.CommonConfig">
    <ignored/>
  </testcase> <!-- @BeforeTest loadLog4j -->
  <testcase name="@BeforeTest loadLog4j" time="0.0" classname="com.aajtak.android.init.CommonConfig">
    <ignored/>
  </testcase> <!-- @BeforeTest loadLog4j -->
  <testcase name="@BeforeTest loadLog4j" time="0.0" classname="com.aajtak.android.init.CommonConfig">
    <ignored/>
  </testcase> <!-- @BeforeTest loadLog4j -->
  <testcase name="@BeforeTest loadLog4j" time="0.0" classname="com.aajtak.android.init.CommonConfig">
    <ignored/>
  </testcase> <!-- @BeforeTest loadLog4j -->
  <testcase name="@BeforeTest loadLog4j" time="0.0" classname="com.aajtak.android.init.CommonConfig">
    <ignored/>
  </testcase> <!-- @BeforeTest loadLog4j -->
  <testcase name="@BeforeTest loadLog4j" time="0.0" classname="com.aajtak.android.init.CommonConfig">
    <ignored/>
  </testcase> <!-- @BeforeTest loadLog4j -->
  <testcase name="@BeforeTest loadLog4j" time="0.0" classname="com.aajtak.android.init.CommonConfig">
    <ignored/>
  </testcase> <!-- @BeforeTest loadLog4j -->
  <testcase name="@BeforeTest loadLog4j" time="0.0" classname="com.aajtak.android.init.CommonConfig">
    <ignored/>
  </testcase> <!-- @BeforeTest loadLog4j -->
</testsuite> <!-- Aajtak_Test1 -->
