<?xml version="1.0" encoding="UTF-8"?>
<testng-results skipped="0" failed="0" ignored="0" total="1" passed="1">
  <reporter-output>
  </reporter-output>
  <suite name="Default suite" duration-ms="124337" started-at="2022-08-22T11:07:01Z" finished-at="2022-08-22T11:09:05Z">
    <groups>
    </groups>
    <test name="Default test" duration-ms="124337" started-at="2022-08-22T11:07:01Z" finished-at="2022-08-22T11:09:05Z">
      <class name="com.aajtak.android.HomeScreenSection.TC_AT_HomeSec_003">
        <test-method status="PASS" signature="fileConfiguration()[pri:0, instance:com.aajtak.android.HomeScreenSection.TC_AT_HomeSec_003@5e316c74]" name="fileConfiguration" is-config="true" duration-ms="17" started-at="2022-08-22T11:07:01Z" finished-at="2022-08-22T11:07:01Z">
          <reporter-output>
          </reporter-output>
        </test-method> <!-- fileConfiguration -->
        <test-method status="PASS" signature="startServer()[pri:0, instance:com.aajtak.android.HomeScreenSection.TC_AT_HomeSec_003@5e316c74]" name="startServer" is-config="true" duration-ms="105" started-at="2022-08-22T11:07:01Z" finished-at="2022-08-22T11:07:01Z">
          <reporter-output>
          </reporter-output>
        </test-method> <!-- startServer -->
        <test-method status="PASS" signature="loadLog4j()[pri:0, instance:com.aajtak.android.HomeScreenSection.TC_AT_HomeSec_003@5e316c74]" name="loadLog4j" is-config="true" duration-ms="7" started-at="2022-08-22T11:07:01Z" finished-at="2022-08-22T11:07:01Z">
          <reporter-output>
          </reporter-output>
        </test-method> <!-- loadLog4j -->
        <test-method status="PASS" signature="setUp()[pri:0, instance:com.aajtak.android.HomeScreenSection.TC_AT_HomeSec_003@5e316c74]" name="setUp" is-config="true" duration-ms="10455" started-at="2022-08-22T11:07:01Z" finished-at="2022-08-22T11:07:11Z">
          <reporter-output>
          </reporter-output>
        </test-method> <!-- setUp -->
        <test-method status="PASS" signature="AT_HomeSec_003()[pri:3, instance:com.aajtak.android.HomeScreenSection.TC_AT_HomeSec_003@5e316c74]" name="AT_HomeSec_003" duration-ms="113008" started-at="2022-08-22T11:07:12Z" description="Description : Verify section contains news list in 3 different formats Stories, Photo Gallery and Videos" finished-at="2022-08-22T11:09:05Z">
          <reporter-output>
          </reporter-output>
        </test-method> <!-- AT_HomeSec_003 -->
      </class> <!-- com.aajtak.android.HomeScreenSection.TC_AT_HomeSec_003 -->
    </test> <!-- Default test -->
  </suite> <!-- Default suite -->
</testng-results>
