<?xml version="1.0" encoding="UTF-8"?>
<testng-results skipped="0" failed="0" ignored="0" total="1" passed="1">
  <reporter-output>
  </reporter-output>
  <suite name="Default suite" duration-ms="45341" started-at="2022-08-23T06:26:30Z" finished-at="2022-08-23T06:27:15Z">
    <groups>
    </groups>
    <test name="Default test" duration-ms="45341" started-at="2022-08-23T06:26:30Z" finished-at="2022-08-23T06:27:15Z">
      <class name="com.aajtak.android.HomeScreen.TC_AT_HomeScreen_3Copy">
        <test-method status="PASS" signature="fileConfiguration()[pri:0, instance:com.aajtak.android.HomeScreen.TC_AT_HomeScreen_3Copy@5e316c74]" name="fileConfiguration" is-config="true" duration-ms="11" started-at="2022-08-23T06:26:30Z" finished-at="2022-08-23T06:26:30Z">
          <reporter-output>
          </reporter-output>
        </test-method> <!-- fileConfiguration -->
        <test-method status="PASS" signature="startServer()[pri:0, instance:com.aajtak.android.HomeScreen.TC_AT_HomeScreen_3Copy@5e316c74]" name="startServer" is-config="true" duration-ms="61" started-at="2022-08-23T06:26:30Z" finished-at="2022-08-23T06:26:30Z">
          <reporter-output>
          </reporter-output>
        </test-method> <!-- startServer -->
        <test-method status="PASS" signature="loadLog4j()[pri:0, instance:com.aajtak.android.HomeScreen.TC_AT_HomeScreen_3Copy@5e316c74]" name="loadLog4j" is-config="true" duration-ms="5" started-at="2022-08-23T06:26:30Z" finished-at="2022-08-23T06:26:30Z">
          <reporter-output>
          </reporter-output>
        </test-method> <!-- loadLog4j -->
        <test-method status="PASS" signature="setUp()[pri:0, instance:com.aajtak.android.HomeScreen.TC_AT_HomeScreen_3Copy@5e316c74]" name="setUp" is-config="true" duration-ms="12961" started-at="2022-08-23T06:26:30Z" finished-at="2022-08-23T06:26:43Z">
          <reporter-output>
          </reporter-output>
        </test-method> <!-- setUp -->
        <test-method status="PASS" signature="AT_Home_003()[pri:3, instance:com.aajtak.android.HomeScreen.TC_AT_HomeScreen_3Copy@5e316c74]" name="AT_Home_003" duration-ms="31956" started-at="2022-08-23T06:26:43Z" description="Description: Verify that each story has Comments icon, Bookmark icon, Offline Story icon and Share icon" finished-at="2022-08-23T06:27:15Z">
          <reporter-output>
          </reporter-output>
        </test-method> <!-- AT_Home_003 -->
      </class> <!-- com.aajtak.android.HomeScreen.TC_AT_HomeScreen_3Copy -->
    </test> <!-- Default test -->
  </suite> <!-- Default suite -->
</testng-results>
